[2026-01-03T19:08:50.476374+01:00] ClienteLogger.DEBUG: Cliente creado: Antonio [] []
[2026-01-03T19:10:34.969641+01:00] ClienteLogger.DEBUG: Cliente creado: Antonio [] []
[2026-01-04T17:36:54.623346+01:00] ClienteLogger.DEBUG: Cliente creado: Antonio [] []
[2026-01-04T17:36:54.976777+01:00] ClienteLogger.DEBUG: Cliente creado: Antonio [] []
[2026-01-04T17:36:55.025733+01:00] ClienteLogger.DEBUG: Cliente creado: Antonio [] []
[2026-01-04T17:36:55.075910+01:00] ClienteLogger.DEBUG: Cliente creado: Antonio [] []
[2026-01-04T17:36:55.986808+01:00] ClienteLogger.DEBUG: Cliente creado: Antonio [] []
[2026-01-04T17:36:56.036376+01:00] ClienteLogger.DEBUG: Cliente creado: Antonio [] []
[2026-01-04T17:36:56.037392+01:00] ClienteLogger.INFO: Alquiler realizado {"cliente":"Antonio","soporte":"Juego 1"} []
[2026-01-04T17:36:56.037844+01:00] ClienteLogger.INFO: Alquiler realizado {"cliente":"Antonio","soporte":"Juego 2"} []
[2026-01-04T17:36:56.318624+01:00] ClienteLogger.DEBUG: Cliente creado: Antonio [] []
[2026-01-04T17:39:35.702002+01:00] ClienteLogger.DEBUG: Cliente creado: Antonio [] []
[2026-01-04T17:39:35.757238+01:00] ClienteLogger.DEBUG: Cliente creado: Antonio [] []
[2026-01-04T17:39:35.805511+01:00] ClienteLogger.DEBUG: Cliente creado: Antonio [] []
[2026-01-04T17:39:35.854695+01:00] ClienteLogger.DEBUG: Cliente creado: Antonio [] []
[2026-01-04T17:39:35.921987+01:00] ClienteLogger.DEBUG: Cliente creado: Antonio [] []
[2026-01-04T17:39:35.922291+01:00] ClienteLogger.INFO: Alquiler realizado {"cliente":"Antonio","soporte":"Peli 1"} []
[2026-01-04T17:39:35.922336+01:00] ClienteLogger.INFO: Alquiler realizado {"cliente":"Antonio","soporte":"Peli 2"} []
[2026-01-04T17:39:35.922366+01:00] ClienteLogger.WARNING: Cupo de alquileres superado {"cliente":"Antonio","actual":2,"maximo":2} []
[2026-01-04T17:39:36.026131+01:00] ClienteLogger.DEBUG: Cliente creado: Antonio [] []
[2026-01-04T17:39:36.027150+01:00] ClienteLogger.INFO: Alquiler realizado {"cliente":"Antonio","soporte":"Juego 1"} []
[2026-01-04T17:39:36.027266+01:00] ClienteLogger.INFO: Alquiler realizado {"cliente":"Antonio","soporte":"Juego 2"} []
[2026-01-04T17:39:36.077904+01:00] ClienteLogger.DEBUG: Cliente creado: Antonio [] []
[2026-01-04T17:39:36.078196+01:00] ClienteLogger.INFO: Alquiler realizado {"cliente":"Antonio","soporte":"Origen"} []
[2026-01-04T17:39:36.078248+01:00] ClienteLogger.INFO: Devolución realizada {"cliente":"Antonio","soporte_numero":10} []
[2026-01-04T17:42:47.548399+01:00] ClienteLogger.DEBUG: Cliente creado: Antonio [] []
[2026-01-04T17:42:47.603673+01:00] ClienteLogger.DEBUG: Cliente creado: Antonio [] []
[2026-01-04T17:42:47.652538+01:00] ClienteLogger.DEBUG: Cliente creado: Antonio [] []
[2026-01-04T17:42:47.701955+01:00] ClienteLogger.DEBUG: Cliente creado: Antonio [] []
[2026-01-04T17:42:47.702232+01:00] ClienteLogger.INFO: Alquiler realizado {"cliente":"Antonio","soporte":"Origen"} []
[2026-01-04T17:42:47.702270+01:00] ClienteLogger.WARNING: Intento de alquilar soporte ya alquilado {"cliente":"Antonio","soporte":"Origen"} []
[2026-01-04T17:42:47.788318+01:00] ClienteLogger.DEBUG: Cliente creado: Antonio [] []
[2026-01-04T17:42:47.788616+01:00] ClienteLogger.INFO: Alquiler realizado {"cliente":"Antonio","soporte":"Peli 1"} []
[2026-01-04T17:42:47.788661+01:00] ClienteLogger.INFO: Alquiler realizado {"cliente":"Antonio","soporte":"Peli 2"} []
[2026-01-04T17:42:47.788690+01:00] ClienteLogger.WARNING: Cupo de alquileres superado {"cliente":"Antonio","actual":2,"maximo":2} []
[2026-01-04T17:42:47.839105+01:00] ClienteLogger.DEBUG: Cliente creado: Antonio [] []
[2026-01-04T17:42:47.840091+01:00] ClienteLogger.INFO: Alquiler realizado {"cliente":"Antonio","soporte":"Juego 1"} []
[2026-01-04T17:42:47.840179+01:00] ClienteLogger.INFO: Alquiler realizado {"cliente":"Antonio","soporte":"Juego 2"} []
[2026-01-04T17:42:47.890733+01:00] ClienteLogger.DEBUG: Cliente creado: Antonio [] []
[2026-01-04T17:42:47.890997+01:00] ClienteLogger.INFO: Alquiler realizado {"cliente":"Antonio","soporte":"Origen"} []
[2026-01-04T17:42:47.891047+01:00] ClienteLogger.INFO: Devolución realizada {"cliente":"Antonio","soporte_numero":10} []
[2026-01-04T17:44:52.967893+01:00] ClienteLogger.DEBUG: Cliente creado: Antonio [] []
[2026-01-04T17:44:52.970779+01:00] ClienteLogger.INFO: Alquiler realizado {"cliente":"Antonio","soporte":"Peli 1"} []
[2026-01-04T17:44:53.059304+01:00] ClienteLogger.DEBUG: Cliente creado: Antonio [] []
[2026-01-04T17:44:53.059568+01:00] ClienteLogger.INFO: Alquiler realizado {"cliente":"Antonio","soporte":"Peli 1"} []
[2026-01-04T17:44:53.109060+01:00] ClienteLogger.DEBUG: Cliente creado: Antonio [] []
[2026-01-04T17:44:53.109376+01:00] ClienteLogger.INFO: Alquiler realizado {"cliente":"Antonio","soporte":"Peli 1"} []
[2026-01-04T17:44:53.156934+01:00] ClienteLogger.DEBUG: Cliente creado: Antonio [] []
[2026-01-04T17:44:53.157162+01:00] ClienteLogger.INFO: Alquiler realizado {"cliente":"Antonio","soporte":"Origen"} []
[2026-01-04T17:44:53.157203+01:00] ClienteLogger.WARNING: Intento de alquilar soporte ya alquilado {"cliente":"Antonio","soporte":"Origen"} []
[2026-01-04T17:44:53.207812+01:00] ClienteLogger.DEBUG: Cliente creado: Antonio [] []
[2026-01-04T17:44:53.208031+01:00] ClienteLogger.INFO: Alquiler realizado {"cliente":"Antonio","soporte":"Peli 1"} []
[2026-01-04T17:44:53.208073+01:00] ClienteLogger.INFO: Alquiler realizado {"cliente":"Antonio","soporte":"Peli 2"} []
[2026-01-04T17:44:53.208102+01:00] ClienteLogger.WARNING: Cupo de alquileres superado {"cliente":"Antonio","actual":2,"maximo":2} []
[2026-01-04T17:44:53.258212+01:00] ClienteLogger.DEBUG: Cliente creado: Antonio [] []
[2026-01-04T17:44:53.259034+01:00] ClienteLogger.INFO: Alquiler realizado {"cliente":"Antonio","soporte":"Juego 1"} []
[2026-01-04T17:44:53.259149+01:00] ClienteLogger.INFO: Alquiler realizado {"cliente":"Antonio","soporte":"Juego 2"} []
[2026-01-04T17:44:53.310444+01:00] ClienteLogger.DEBUG: Cliente creado: Antonio [] []
[2026-01-04T17:44:53.310668+01:00] ClienteLogger.INFO: Alquiler realizado {"cliente":"Antonio","soporte":"Origen"} []
[2026-01-04T17:44:53.310714+01:00] ClienteLogger.INFO: Devolución realizada {"cliente":"Antonio","soporte_numero":10} []
[2026-01-04T17:58:17.551183+01:00] ClienteLogger.DEBUG: Cliente creado: Antonio [] []
[2026-01-04T17:58:17.658452+01:00] ClienteLogger.DEBUG: Cliente creado: Antonio [] []
[2026-01-04T17:58:17.706823+01:00] ClienteLogger.DEBUG: Cliente creado: Antonio [] []
[2026-01-04T17:58:17.756826+01:00] ClienteLogger.DEBUG: Cliente creado: Antonio [] []
[2026-01-04T17:58:17.757154+01:00] ClienteLogger.INFO: Alquiler realizado {"cliente":"Antonio","soporte":"Origen"} []
[2026-01-04T17:58:17.757197+01:00] ClienteLogger.WARNING: Intento de alquilar soporte ya alquilado {"cliente":"Antonio","soporte":"Origen"} []
[2026-01-04T17:58:17.810952+01:00] ClienteLogger.DEBUG: Cliente creado: Antonio [] []
[2026-01-04T17:58:17.811283+01:00] ClienteLogger.INFO: Alquiler realizado {"cliente":"Antonio","soporte":"Peli 1"} []
[2026-01-04T17:58:17.811327+01:00] ClienteLogger.INFO: Alquiler realizado {"cliente":"Antonio","soporte":"Peli 2"} []
[2026-01-04T17:58:17.811354+01:00] ClienteLogger.WARNING: Cupo de alquileres superado {"cliente":"Antonio","actual":2,"maximo":2} []
[2026-01-04T17:58:17.859784+01:00] ClienteLogger.DEBUG: Cliente creado: Antonio [] []
[2026-01-04T17:58:17.861924+01:00] ClienteLogger.INFO: Alquiler realizado {"cliente":"Antonio","soporte":"Juego 1"} []
[2026-01-04T17:58:17.861982+01:00] ClienteLogger.INFO: Alquiler realizado {"cliente":"Antonio","soporte":"Juego 2"} []
[2026-01-04T17:58:54.989571+01:00] ClienteLogger.DEBUG: Cliente creado: Antonio [] []
[2026-01-04T17:58:55.040540+01:00] ClienteLogger.DEBUG: Cliente creado: Antonio [] []
[2026-01-04T17:58:55.090411+01:00] ClienteLogger.DEBUG: Cliente creado: Antonio [] []
[2026-01-04T17:58:55.138371+01:00] ClienteLogger.DEBUG: Cliente creado: Antonio [] []
[2026-01-04T17:58:55.138624+01:00] ClienteLogger.INFO: Alquiler realizado {"cliente":"Antonio","soporte":"Origen"} []
[2026-01-04T17:58:55.138663+01:00] ClienteLogger.WARNING: Intento de alquilar soporte ya alquilado {"cliente":"Antonio","soporte":"Origen"} []
[2026-01-04T17:58:55.189635+01:00] ClienteLogger.DEBUG: Cliente creado: Antonio [] []
[2026-01-04T17:58:55.189887+01:00] ClienteLogger.INFO: Alquiler realizado {"cliente":"Antonio","soporte":"Peli 1"} []
[2026-01-04T17:58:55.189924+01:00] ClienteLogger.INFO: Alquiler realizado {"cliente":"Antonio","soporte":"Peli 2"} []
[2026-01-04T17:58:55.189950+01:00] ClienteLogger.WARNING: Cupo de alquileres superado {"cliente":"Antonio","actual":2,"maximo":2} []
[2026-01-04T17:58:55.238374+01:00] ClienteLogger.DEBUG: Cliente creado: Antonio [] []
[2026-01-04T17:58:55.238919+01:00] ClienteLogger.INFO: Alquiler realizado {"cliente":"Antonio","soporte":"Juego 1"} []
[2026-01-04T17:58:55.238969+01:00] ClienteLogger.INFO: Alquiler realizado {"cliente":"Antonio","soporte":"Juego 2"} []
[2026-01-04T18:01:54.454696+01:00] ClienteLogger.DEBUG: Cliente creado: Antonio [] []
[2026-01-04T18:01:54.457098+01:00] ClienteLogger.INFO: Alquiler realizado {"cliente":"Antonio","soporte":"Peli 1"} []
[2026-01-04T18:01:54.513087+01:00] ClienteLogger.DEBUG: Cliente creado: Antonio [] []
[2026-01-04T18:01:54.513348+01:00] ClienteLogger.INFO: Alquiler realizado {"cliente":"Antonio","soporte":"Peli 1"} []
[2026-01-04T18:01:54.513386+01:00] ClienteLogger.INFO: Alquiler realizado {"cliente":"Antonio","soporte":"Peli 2"} []
[2026-01-04T18:01:54.562901+01:00] ClienteLogger.DEBUG: Cliente creado: Antonio [] []
[2026-01-04T18:01:54.563157+01:00] ClienteLogger.INFO: Alquiler realizado {"cliente":"Antonio","soporte":"Peli 1"} []
[2026-01-04T18:01:54.563196+01:00] ClienteLogger.INFO: Alquiler realizado {"cliente":"Antonio","soporte":"Peli 2"} []
[2026-01-04T18:01:54.563219+01:00] ClienteLogger.INFO: Alquiler realizado {"cliente":"Antonio","soporte":"Peli 3"} []
[2026-01-04T18:01:54.612623+01:00] ClienteLogger.DEBUG: Cliente creado: Antonio [] []
[2026-01-04T18:01:54.612875+01:00] ClienteLogger.INFO: Alquiler realizado {"cliente":"Antonio","soporte":"Origen"} []
[2026-01-04T18:01:54.612916+01:00] ClienteLogger.WARNING: Intento de alquilar soporte ya alquilado {"cliente":"Antonio","soporte":"Origen"} []
[2026-01-04T18:01:54.661922+01:00] ClienteLogger.DEBUG: Cliente creado: Antonio [] []
[2026-01-04T18:01:54.662190+01:00] ClienteLogger.INFO: Alquiler realizado {"cliente":"Antonio","soporte":"Peli 1"} []
[2026-01-04T18:01:54.662230+01:00] ClienteLogger.INFO: Alquiler realizado {"cliente":"Antonio","soporte":"Peli 2"} []
[2026-01-04T18:01:54.662257+01:00] ClienteLogger.WARNING: Cupo de alquileres superado {"cliente":"Antonio","actual":2,"maximo":2} []
[2026-01-04T18:01:54.709700+01:00] ClienteLogger.DEBUG: Cliente creado: Antonio [] []
[2026-01-04T18:01:54.710621+01:00] ClienteLogger.INFO: Alquiler realizado {"cliente":"Antonio","soporte":"Juego 1"} []
[2026-01-04T18:01:54.710706+01:00] ClienteLogger.INFO: Alquiler realizado {"cliente":"Antonio","soporte":"Juego 2"} []
[2026-01-04T18:02:32.039453+01:00] ClienteLogger.DEBUG: Cliente creado: Antonio [] []
[2026-01-04T18:02:32.041911+01:00] ClienteLogger.INFO: Alquiler realizado {"cliente":"Antonio","soporte":"Peli 1"} []
[2026-01-04T18:02:32.128632+01:00] ClienteLogger.DEBUG: Cliente creado: Antonio [] []
[2026-01-04T18:02:32.128873+01:00] ClienteLogger.INFO: Alquiler realizado {"cliente":"Antonio","soporte":"Peli 1"} []
[2026-01-04T18:02:32.128913+01:00] ClienteLogger.INFO: Alquiler realizado {"cliente":"Antonio","soporte":"Peli 2"} []
[2026-01-04T18:02:32.177685+01:00] ClienteLogger.DEBUG: Cliente creado: Antonio [] []
[2026-01-04T18:02:32.177974+01:00] ClienteLogger.INFO: Alquiler realizado {"cliente":"Antonio","soporte":"Peli 1"} []
[2026-01-04T18:02:32.178014+01:00] ClienteLogger.INFO: Alquiler realizado {"cliente":"Antonio","soporte":"Peli 2"} []
[2026-01-04T18:02:32.178039+01:00] ClienteLogger.INFO: Alquiler realizado {"cliente":"Antonio","soporte":"Peli 3"} []
[2026-01-04T18:02:32.225632+01:00] ClienteLogger.DEBUG: Cliente creado: Antonio [] []
[2026-01-04T18:02:32.225917+01:00] ClienteLogger.INFO: Alquiler realizado {"cliente":"Antonio","soporte":"Origen"} []
[2026-01-04T18:02:32.225962+01:00] ClienteLogger.WARNING: Intento de alquilar soporte ya alquilado {"cliente":"Antonio","soporte":"Origen"} []
[2026-01-04T18:02:32.276217+01:00] ClienteLogger.DEBUG: Cliente creado: Antonio [] []
[2026-01-04T18:02:32.276464+01:00] ClienteLogger.INFO: Alquiler realizado {"cliente":"Antonio","soporte":"Peli 1"} []
[2026-01-04T18:02:32.276506+01:00] ClienteLogger.INFO: Alquiler realizado {"cliente":"Antonio","soporte":"Peli 2"} []
[2026-01-04T18:02:32.276533+01:00] ClienteLogger.WARNING: Cupo de alquileres superado {"cliente":"Antonio","actual":2,"maximo":2} []
[2026-01-04T18:02:32.325157+01:00] ClienteLogger.DEBUG: Cliente creado: Antonio [] []
[2026-01-04T18:02:32.325745+01:00] ClienteLogger.INFO: Alquiler realizado {"cliente":"Antonio","soporte":"Juego 1"} []
[2026-01-04T18:02:32.325794+01:00] ClienteLogger.INFO: Alquiler realizado {"cliente":"Antonio","soporte":"Juego 2"} []
[2026-01-05T17:06:30.947637+00:00] ClienteLogger.DEBUG: Cliente creado: Amancio Ortega [] []
[2026-01-05T17:06:30.947750+00:00] ClienteLogger.DEBUG: Cliente creado: Pablo Picasso [] []
[2026-01-05T17:06:30.947829+00:00] ClienteLogger.INFO: Alquiler realizado {"cliente":"Amancio Ortega","soporte":"The Last of Us Part II"} []
[2026-01-05T17:06:30.947880+00:00] ClienteLogger.INFO: Alquiler realizado {"cliente":"Amancio Ortega","soporte":"Origen"} []
[2026-01-05T17:06:30.947923+00:00] ClienteLogger.WARNING: Intento de alquilar soporte ya alquilado {"cliente":"Amancio Ortega","soporte":"The Last of Us Part II"} []
[2026-01-05T17:06:30.948473+00:00] ClienteLogger.INFO: Alquiler realizado {"cliente":"Amancio Ortega","soporte":"El nombre de la Rosa"} []
[2026-01-05T17:18:04.712610+00:00] ClienteLogger.DEBUG: Cliente creado: Amancio Ortega [] []
[2026-01-05T17:18:04.712895+00:00] ClienteLogger.DEBUG: Cliente creado: Pablo Picasso [] []
[2026-01-05T17:18:04.712978+00:00] ClienteLogger.INFO: Alquiler realizado {"cliente":"Amancio Ortega","soporte":"The Last of Us Part II"} []
[2026-01-05T17:18:04.713028+00:00] ClienteLogger.INFO: Alquiler realizado {"cliente":"Amancio Ortega","soporte":"Origen"} []
[2026-01-05T17:18:04.713071+00:00] ClienteLogger.WARNING: Intento de alquilar soporte ya alquilado {"cliente":"Amancio Ortega","soporte":"The Last of Us Part II"} []
[2026-01-05T17:18:04.713237+00:00] ClienteLogger.INFO: Alquiler realizado {"cliente":"Amancio Ortega","soporte":"El nombre de la Rosa"} []
