[2026-01-05T17:06:30.944742+00:00] VideoclubLogger.DEBUG: Videoclub 'Severo 8A' creado. [] []
[2026-01-05T17:06:30.946291+00:00] VideoclubLogger.DEBUG: Producto incluido: God of War [] []
[2026-01-05T17:06:30.946349+00:00] VideoclubLogger.DEBUG: Producto incluido: The Last of Us Part II [] []
[2026-01-05T17:06:30.946652+00:00] VideoclubLogger.DEBUG: Producto incluido: Origen [] []
[2026-01-05T17:06:30.946692+00:00] VideoclubLogger.DEBUG: Producto incluido: El Imperio Contraataca [] []
[2026-01-05T17:06:30.946978+00:00] VideoclubLogger.DEBUG: Producto incluido: Los cazafantasmas [] []
[2026-01-05T17:06:30.947012+00:00] VideoclubLogger.DEBUG: Producto incluido: El nombre de la Rosa [] []
[2026-01-05T17:06:30.947040+00:00] VideoclubLogger.INFO: Título: God of War, Nº: 1, Precio: 19.99€, Metacritic: https://www.metacritic.com/game/ps4/god-of-war Consola: PS4 Jugadores: 1this->minJugadores         <->1this->maxJugadores</-> [] []
[2026-01-05T17:06:30.947064+00:00] VideoclubLogger.INFO: Título: The Last of Us Part II, Nº: 2, Precio: 49.99€, Metacritic: https://www.metacritic.com/game/ps4/the-last-of-us-part-ii Consola: PS4 Jugadores: 1this->minJugadores         <->1this->maxJugadores</-> [] []
[2026-01-05T17:06:30.947087+00:00] VideoclubLogger.INFO: Título: Origen, Nº: 3, Precio: 4.5€, Metacritic: https://www.metacritic.com/movie/inception Idiomas: es,en,fr, Formato: 16:9 [] []
[2026-01-05T17:06:30.947107+00:00] VideoclubLogger.INFO: Título: El Imperio Contraataca, Nº: 4, Precio: 3€, Metacritic: https://www.metacritic.com/movie/star-wars-episode-v---the-empire-strikes-back Idiomas: es,en, Formato: 16:9 [] []
[2026-01-05T17:06:30.947127+00:00] VideoclubLogger.INFO: Título: Los cazafantasmas, Nº: 5, Precio: 3.5€, Metacritic: https://www.metacritic.com/movie/ghostbusters Duración: 107 minutos [] []
[2026-01-05T17:06:30.947146+00:00] VideoclubLogger.INFO: Título: El nombre de la Rosa, Nº: 6, Precio: 1.5€, Metacritic: https://www.metacritic.com/movie/the-name-of-the-rose Duración: 140 minutos [] []
[2026-01-05T17:06:30.947712+00:00] VideoclubLogger.DEBUG: Socio incluido: Amancio Ortega [] []
[2026-01-05T17:06:30.947791+00:00] VideoclubLogger.DEBUG: Socio incluido: Pablo Picasso [] []
[2026-01-05T17:06:30.947857+00:00] VideoclubLogger.INFO: Alquiler realizado: Cliente Amancio Ortega - Producto The Last of Us Part II [] []
[2026-01-05T17:06:30.947902+00:00] VideoclubLogger.INFO: Alquiler realizado: Cliente Amancio Ortega - Producto Origen [] []
[2026-01-05T17:06:30.948422+00:00] VideoclubLogger.WARNING: Error al alquilar: El soporte ya está alquilado por este cliente. [] []
[2026-01-05T17:06:30.948518+00:00] VideoclubLogger.INFO: Alquiler realizado: Cliente Amancio Ortega - Producto El nombre de la Rosa [] []
[2026-01-05T17:06:30.948560+00:00] VideoclubLogger.INFO: Cliente: Amancio Ortega - Total alquileres activos: 3 [] []
[2026-01-05T17:06:30.948597+00:00] VideoclubLogger.INFO: Cliente: Pablo Picasso - Total alquileres activos: 0 [] []
[2026-01-05T17:18:04.710413+00:00] VideoclubLogger.DEBUG: Videoclub 'Severo 8A' creado. [] []
[2026-01-05T17:18:04.711813+00:00] VideoclubLogger.DEBUG: Producto incluido: God of War [] []
[2026-01-05T17:18:04.711864+00:00] VideoclubLogger.DEBUG: Producto incluido: The Last of Us Part II [] []
[2026-01-05T17:18:04.711980+00:00] VideoclubLogger.DEBUG: Producto incluido: Origen [] []
[2026-01-05T17:18:04.712016+00:00] VideoclubLogger.DEBUG: Producto incluido: El Imperio Contraataca [] []
[2026-01-05T17:18:04.712121+00:00] VideoclubLogger.DEBUG: Producto incluido: Los cazafantasmas [] []
[2026-01-05T17:18:04.712153+00:00] VideoclubLogger.DEBUG: Producto incluido: El nombre de la Rosa [] []
[2026-01-05T17:18:04.712181+00:00] VideoclubLogger.INFO: Título: God of War, Nº: 1, Precio: 19.99€, Metacritic: https://www.metacritic.com/game/ps4/god-of-war Consola: PS4 Jugadores: 1this->minJugadores         <->1this->maxJugadores</-> [] []
[2026-01-05T17:18:04.712205+00:00] VideoclubLogger.INFO: Título: The Last of Us Part II, Nº: 2, Precio: 49.99€, Metacritic: https://www.metacritic.com/game/ps4/the-last-of-us-part-ii Consola: PS4 Jugadores: 1this->minJugadores         <->1this->maxJugadores</-> [] []
[2026-01-05T17:18:04.712240+00:00] VideoclubLogger.INFO: Título: Origen, Nº: 3, Precio: 4.5€, Metacritic: https://www.metacritic.com/movie/inception Idiomas: es,en,fr, Formato: 16:9 [] []
[2026-01-05T17:18:04.712262+00:00] VideoclubLogger.INFO: Título: El Imperio Contraataca, Nº: 4, Precio: 3€, Metacritic: https://www.metacritic.com/movie/star-wars-episode-v---the-empire-strikes-back Idiomas: es,en, Formato: 16:9 [] []
[2026-01-05T17:18:04.712282+00:00] VideoclubLogger.INFO: Título: Los cazafantasmas, Nº: 5, Precio: 3.5€, Metacritic: https://www.metacritic.com/movie/ghostbusters Duración: 107 minutos [] []
[2026-01-05T17:18:04.712301+00:00] VideoclubLogger.INFO: Título: El nombre de la Rosa, Nº: 6, Precio: 1.5€, Metacritic: https://www.metacritic.com/movie/the-name-of-the-rose Duración: 140 minutos [] []
[2026-01-05T17:18:04.712854+00:00] VideoclubLogger.DEBUG: Socio incluido: Amancio Ortega [] []
[2026-01-05T17:18:04.712939+00:00] VideoclubLogger.DEBUG: Socio incluido: Pablo Picasso [] []
[2026-01-05T17:18:04.713005+00:00] VideoclubLogger.INFO: Alquiler realizado: Cliente Amancio Ortega - Producto The Last of Us Part II [] []
[2026-01-05T17:18:04.713049+00:00] VideoclubLogger.INFO: Alquiler realizado: Cliente Amancio Ortega - Producto Origen [] []
[2026-01-05T17:18:04.713185+00:00] VideoclubLogger.WARNING: Error al alquilar: El soporte ya está alquilado por este cliente. [] []
[2026-01-05T17:18:04.713280+00:00] VideoclubLogger.INFO: Alquiler realizado: Cliente Amancio Ortega - Producto El nombre de la Rosa [] []
[2026-01-05T17:18:04.713313+00:00] VideoclubLogger.INFO: Cliente: Amancio Ortega - Total alquileres activos: 3 [] []
[2026-01-05T17:18:04.713358+00:00] VideoclubLogger.INFO: Cliente: Pablo Picasso - Total alquileres activos: 0 [] []
